[2021-04-17T18:19:38.429] [ERROR] error - Error: Can't use $or
    at ObjectId.castForQuery (c:\Users\Administrator\Desktop\code\vue3-koa-admin\koa-admin-server\node_modules\mongoose\lib\schematype.js:1524:13)
    at ObjectId.castForQueryWrapper (c:\Users\Administrator\Desktop\code\vue3-koa-admin\koa-admin-server\node_modules\mongoose\lib\schematype.js:1496:22)
    at cast (c:\Users\Administrator\Desktop\code\vue3-koa-admin\koa-admin-server\node_modules\mongoose\lib\cast.js:310:39)
    at Query.cast (c:\Users\Administrator\Desktop\code\vue3-koa-admin\koa-admin-server\node_modules\mongoose\lib\query.js:4848:12)
    at Query._castConditions (c:\Users\Administrator\Desktop\code\vue3-koa-admin\koa-admin-server\node_modules\mongoose\lib\query.js:1890:10)
    at Query.<anonymous> (c:\Users\Administrator\Desktop\code\vue3-koa-admin\koa-admin-server\node_modules\mongoose\lib\query.js:2857:8)
    at Query._wrappedThunk [as _deleteMany] (c:\Users\Administrator\Desktop\code\vue3-koa-admin\koa-admin-server\node_modules\mongoose\lib\helpers\query\wrapThunk.js:16:8)
    at c:\Users\Administrator\Desktop\code\vue3-koa-admin\koa-admin-server\node_modules\kareem\index.js:370:33
    at processTicksAndRejections (internal/process/task_queues.js:75:11)
[2021-04-17T18:54:34.417] [ERROR] error - ReplyError: NOAUTH Authentication required.
    at parseError (c:\Users\Administrator\Desktop\code\vue3-koa-admin\koa-admin-server\node_modules\redis-parser\lib\parser.js:179:12)
    at parseType (c:\Users\Administrator\Desktop\code\vue3-koa-admin\koa-admin-server\node_modules\redis-parser\lib\parser.js:302:14) {
  command: { name: 'info', args: [] }
}
[2021-04-17T18:56:15.464] [ERROR] error - ReplyError: NOAUTH Authentication required.
    at parseError (c:\Users\Administrator\Desktop\code\vue3-koa-admin\koa-admin-server\node_modules\redis-parser\lib\parser.js:179:12)
    at parseType (c:\Users\Administrator\Desktop\code\vue3-koa-admin\koa-admin-server\node_modules\redis-parser\lib\parser.js:302:14) {
  command: { name: 'info', args: [] }
}
[2021-04-17T18:58:57.128] [ERROR] error - ReplyError: NOAUTH Authentication required.
    at parseError (c:\Users\Administrator\Desktop\code\vue3-koa-admin\koa-admin-server\node_modules\redis-parser\lib\parser.js:179:12)
    at parseType (c:\Users\Administrator\Desktop\code\vue3-koa-admin\koa-admin-server\node_modules\redis-parser\lib\parser.js:302:14) {
  command: { name: 'info', args: [] }
}
[2021-04-17T19:00:57.619] [ERROR] error - ReplyError: NOAUTH Authentication required.
    at parseError (c:\Users\Administrator\Desktop\code\vue3-koa-admin\koa-admin-server\node_modules\redis-parser\lib\parser.js:179:12)
    at parseType (c:\Users\Administrator\Desktop\code\vue3-koa-admin\koa-admin-server\node_modules\redis-parser\lib\parser.js:302:14) {
  command: { name: 'info', args: [] }
}
[2021-04-17T19:02:33.403] [ERROR] error - ReplyError: NOAUTH Authentication required.
    at parseError (c:\Users\Administrator\Desktop\code\vue3-koa-admin\koa-admin-server\node_modules\redis-parser\lib\parser.js:179:12)
    at parseType (c:\Users\Administrator\Desktop\code\vue3-koa-admin\koa-admin-server\node_modules\redis-parser\lib\parser.js:302:14) {
  command: { name: 'info', args: [] }
}
[2021-04-17T19:03:18.353] [ERROR] error - Error: Cannot send secure cookie over unencrypted connection
    at Cookies.set (c:\Users\Administrator\Desktop\code\vue3-koa-admin\koa-admin-server\node_modules\cookies\index.js:94:11)
    at ContextSession.save (c:\Users\Administrator\Desktop\code\vue3-koa-admin\koa-admin-server\node_modules\koa-session\lib\context.js:329:26)
    at processTicksAndRejections (internal/process/task_queues.js:93:5)
    at async ContextSession.commit (c:\Users\Administrator\Desktop\code\vue3-koa-admin\koa-admin-server\node_modules\koa-session\lib\context.js:239:5)
    at async session (c:\Users\Administrator\Desktop\code\vue3-koa-admin\koa-admin-server\node_modules\koa-session\index.js:46:9)
    at async cors (c:\Users\Administrator\Desktop\code\vue3-koa-admin\koa-admin-server\node_modules\koa2-cors\dist\index.js:91:9)
    at async c:\Users\Administrator\Desktop\code\vue3-koa-admin\koa-admin-server\config\log4js.js:42:9
[2021-04-17T19:07:42.935] [ERROR] error - Error: Cannot send secure cookie over unencrypted connection
    at Cookies.set (c:\Users\Administrator\Desktop\code\vue3-koa-admin\koa-admin-server\node_modules\cookies\index.js:94:11)
    at ContextSession.save (c:\Users\Administrator\Desktop\code\vue3-koa-admin\koa-admin-server\node_modules\koa-session\lib\context.js:329:26)
    at processTicksAndRejections (internal/process/task_queues.js:93:5)
    at async ContextSession.commit (c:\Users\Administrator\Desktop\code\vue3-koa-admin\koa-admin-server\node_modules\koa-session\lib\context.js:239:5)
    at async session (c:\Users\Administrator\Desktop\code\vue3-koa-admin\koa-admin-server\node_modules\koa-session\index.js:46:9)
    at async cors (c:\Users\Administrator\Desktop\code\vue3-koa-admin\koa-admin-server\node_modules\koa2-cors\dist\index.js:91:9)
    at async c:\Users\Administrator\Desktop\code\vue3-koa-admin\koa-admin-server\config\log4js.js:42:9
[2021-04-17T19:10:00.518] [ERROR] error - Error: Cannot send secure cookie over unencrypted connection
    at Cookies.set (c:\Users\Administrator\Desktop\code\vue3-koa-admin\koa-admin-server\node_modules\cookies\index.js:94:11)
    at ContextSession.save (c:\Users\Administrator\Desktop\code\vue3-koa-admin\koa-admin-server\node_modules\koa-session\lib\context.js:329:26)
    at processTicksAndRejections (internal/process/task_queues.js:93:5)
    at async ContextSession.commit (c:\Users\Administrator\Desktop\code\vue3-koa-admin\koa-admin-server\node_modules\koa-session\lib\context.js:239:5)
    at async session (c:\Users\Administrator\Desktop\code\vue3-koa-admin\koa-admin-server\node_modules\koa-session\index.js:46:9)
    at async cors (c:\Users\Administrator\Desktop\code\vue3-koa-admin\koa-admin-server\node_modules\koa2-cors\dist\index.js:91:9)
    at async c:\Users\Administrator\Desktop\code\vue3-koa-admin\koa-admin-server\config\log4js.js:42:9
[2021-04-17T19:19:51.605] [ERROR] error - CastError: Cast to ObjectId failed for value "6076f3614fa7d42ff835bfe2a" at path "_id" for model "user"
    at Query.exec (c:\Users\Administrator\Desktop\code\vue3-koa-admin\koa-admin-server\node_modules\mongoose\lib\query.js:4408:21)
    at Query.then (c:\Users\Administrator\Desktop\code\vue3-koa-admin\koa-admin-server\node_modules\mongoose\lib\query.js:4502:15)
    at processTicksAndRejections (internal/process/task_queues.js:93:5) {
  messageFormat: undefined,
  stringValue: '"6076f3614fa7d42ff835bfe2a"',
  kind: 'ObjectId',
  value: '6076f3614fa7d42ff835bfe2a',
  path: '_id',
  reason: Error: Argument passed in must be a single String of 12 bytes or a string of 24 hex characters
      at new ObjectID (c:\Users\Administrator\Desktop\code\vue3-koa-admin\koa-admin-server\node_modules\bson\lib\bson\objectid.js:59:11)
      at castObjectId (c:\Users\Administrator\Desktop\code\vue3-koa-admin\koa-admin-server\node_modules\mongoose\lib\cast\objectid.js:25:12)
      at ObjectId.cast (c:\Users\Administrator\Desktop\code\vue3-koa-admin\koa-admin-server\node_modules\mongoose\lib\schema\objectid.js:279:12)
      at ObjectId.applySetters (c:\Users\Administrator\Desktop\code\vue3-koa-admin\koa-admin-server\node_modules\mongoose\lib\schematype.js:1104:12)
      at ObjectId._castForQuery (c:\Users\Administrator\Desktop\code\vue3-koa-admin\koa-admin-server\node_modules\mongoose\lib\schematype.js:1539:15)
      at ObjectId.castForQuery (c:\Users\Administrator\Desktop\code\vue3-koa-admin\koa-admin-server\node_modules\mongoose\lib\schematype.js:1529:15)
      at ObjectId.castForQueryWrapper (c:\Users\Administrator\Desktop\code\vue3-koa-admin\koa-admin-server\node_modules\mongoose\lib\schematype.js:1506:20)
      at cast (c:\Users\Administrator\Desktop\code\vue3-koa-admin\koa-admin-server\node_modules\mongoose\lib\cast.js:331:32)
      at Query.cast (c:\Users\Administrator\Desktop\code\vue3-koa-admin\koa-admin-server\node_modules\mongoose\lib\query.js:4848:12)
      at castQuery (c:\Users\Administrator\Desktop\code\vue3-koa-admin\koa-admin-server\node_modules\mongoose\lib\query.js:4648:18)
      at Query._findAndModify (c:\Users\Administrator\Desktop\code\vue3-koa-admin\koa-admin-server\node_modules\mongoose\lib\query.js:3508:23)
      at Query.<anonymous> (c:\Users\Administrator\Desktop\code\vue3-koa-admin\koa-admin-server\node_modules\mongoose\lib\query.js:3077:8)
      at Query._wrappedThunk [as _findOneAndUpdate] (c:\Users\Administrator\Desktop\code\vue3-koa-admin\koa-admin-server\node_modules\mongoose\lib\helpers\query\wrapThunk.js:16:8)
      at c:\Users\Administrator\Desktop\code\vue3-koa-admin\koa-admin-server\node_modules\kareem\index.js:370:33
      at processTicksAndRejections (internal/process/task_queues.js:75:11)
}
[2021-04-17T21:16:34.958] [ERROR] error - Error: role validation failed: createUser: Cast to ObjectId failed for value "{}" at path "createUser"
    at ValidationError.inspect (C:\Users\Administrator\Desktop\code\vue3-koa-admin\koa-admin-server\node_modules\mongoose\lib\error\validation.js:47:26)
    at internal/per_context/primordials.js:23:32
    at formatValue (internal/util/inspect.js:783:19)
    at inspect (internal/util/inspect.js:337:10)
    at formatWithOptionsInternal (internal/util/inspect.js:2016:40)
    at Object.format (internal/util/inspect.js:1890:10)
    at basicLayout (C:\Users\Administrator\Desktop\code\vue3-koa-admin\koa-admin-server\node_modules\log4js\lib\layouts.js:62:57)
    at app (C:\Users\Administrator\Desktop\code\vue3-koa-admin\koa-admin-server\node_modules\log4js\lib\appenders\dateFile.js:36:24)
    at C:\Users\Administrator\Desktop\code\vue3-koa-admin\koa-admin-server\node_modules\log4js\lib\log4js.js:42:5
    at Array.forEach (<anonymous>)
    at sendLogEventToAppender (C:\Users\Administrator\Desktop\code\vue3-koa-admin\koa-admin-server\node_modules\log4js\lib\log4js.js:41:21)
    at C:\Users\Administrator\Desktop\code\vue3-koa-admin\koa-admin-server\node_modules\log4js\lib\clustering.js:23:26
    at Array.forEach (<anonymous>)
    at sendToListeners (C:\Users\Administrator\Desktop\code\vue3-koa-admin\koa-admin-server\node_modules\log4js\lib\clustering.js:23:13)
    at Object.send (C:\Users\Administrator\Desktop\code\vue3-koa-admin\koa-admin-server\node_modules\log4js\lib\clustering.js:89:7)
    at Logger._log (C:\Users\Administrator\Desktop\code\vue3-koa-admin\koa-admin-server\node_modules\log4js\lib\logger.js:90:16) {
  errors: {
    createUser: CastError: Cast to ObjectId failed for value "{}" at path "createUser"
        at ObjectId.cast (C:\Users\Administrator\Desktop\code\vue3-koa-admin\koa-admin-server\node_modules\mongoose\lib\schema\objectid.js:281:11)
        at ObjectId.SchemaType.applySetters (C:\Users\Administrator\Desktop\code\vue3-koa-admin\koa-admin-server\node_modules\mongoose\lib\schematype.js:1104:12)
        at model.$set (C:\Users\Administrator\Desktop\code\vue3-koa-admin\koa-admin-server\node_modules\mongoose\lib\document.js:1279:20)
        at model.$set (C:\Users\Administrator\Desktop\code\vue3-koa-admin\koa-admin-server\node_modules\mongoose\lib\document.js:1023:16)
        at model.Document (C:\Users\Administrator\Desktop\code\vue3-koa-admin\koa-admin-server\node_modules\mongoose\lib\document.js:148:12)
        at model.Model (C:\Users\Administrator\Desktop\code\vue3-koa-admin\koa-admin-server\node_modules\mongoose\lib\model.js:105:12)
        at new model (C:\Users\Administrator\Desktop\code\vue3-koa-admin\koa-admin-server\node_modules\mongoose\lib\model.js:4718:15)
        at Object.create (C:\Users\Administrator\Desktop\code\vue3-koa-admin\koa-admin-server\services\artical.js:5:25)
        at create (C:\Users\Administrator\Desktop\code\vue3-koa-admin\koa-admin-server\controller\artical.js:6:30)
        at dispatch (C:\Users\Administrator\Desktop\code\vue3-koa-admin\koa-admin-server\node_modules\koa-compose\index.js:42:32)
        at C:\Users\Administrator\Desktop\code\vue3-koa-admin\koa-admin-server\node_modules\koa-router\lib\router.js:372:16
        at dispatch (C:\Users\Administrator\Desktop\code\vue3-koa-admin\koa-admin-server\node_modules\koa-compose\index.js:42:32)
        at C:\Users\Administrator\Desktop\code\vue3-koa-admin\koa-admin-server\node_modules\koa-compose\index.js:34:12
        at dispatch (C:\Users\Administrator\Desktop\code\vue3-koa-admin\koa-admin-server\node_modules\koa-router\lib\router.js:377:31)
        at dispatch (C:\Users\Administrator\Desktop\code\vue3-koa-admin\koa-admin-server\node_modules\koa-compose\index.js:42:32)
        at dispatch (C:\Users\Administrator\Desktop\code\vue3-koa-admin\koa-admin-server\node_modules\koa-router\lib\router.js:353:32) {
      stringValue: '"{}"',
      messageFormat: undefined,
      kind: 'ObjectId',
      value: {},
      path: 'createUser',
      reason: Error: Argument passed in must be a single String of 12 bytes or a string of 24 hex characters
          at new ObjectID (C:\Users\Administrator\Desktop\code\vue3-koa-admin\koa-admin-server\node_modules\bson\lib\bson\objectid.js:59:11)
          at castObjectId (C:\Users\Administrator\Desktop\code\vue3-koa-admin\koa-admin-server\node_modules\mongoose\lib\cast\objectid.js:25:12)
          at ObjectId.cast (C:\Users\Administrator\Desktop\code\vue3-koa-admin\koa-admin-server\node_modules\mongoose\lib\schema\objectid.js:279:12)
          at ObjectId.SchemaType.applySetters (C:\Users\Administrator\Desktop\code\vue3-koa-admin\koa-admin-server\node_modules\mongoose\lib\schematype.js:1104:12)
          at model.$set (C:\Users\Administrator\Desktop\code\vue3-koa-admin\koa-admin-server\node_modules\mongoose\lib\document.js:1279:20)
          at model.$set (C:\Users\Administrator\Desktop\code\vue3-koa-admin\koa-admin-server\node_modules\mongoose\lib\document.js:1023:16)
          at model.Document (C:\Users\Administrator\Desktop\code\vue3-koa-admin\koa-admin-server\node_modules\mongoose\lib\document.js:148:12)
          at model.Model (C:\Users\Administrator\Desktop\code\vue3-koa-admin\koa-admin-server\node_modules\mongoose\lib\model.js:105:12)
          at new model (C:\Users\Administrator\Desktop\code\vue3-koa-admin\koa-admin-server\node_modules\mongoose\lib\model.js:4718:15)
          at Object.create (C:\Users\Administrator\Desktop\code\vue3-koa-admin\koa-admin-server\services\artical.js:5:25)
          at create (C:\Users\Administrator\Desktop\code\vue3-koa-admin\koa-admin-server\controller\artical.js:6:30)
          at dispatch (C:\Users\Administrator\Desktop\code\vue3-koa-admin\koa-admin-server\node_modules\koa-compose\index.js:42:32)
          at C:\Users\Administrator\Desktop\code\vue3-koa-admin\koa-admin-server\node_modules\koa-router\lib\router.js:372:16
          at dispatch (C:\Users\Administrator\Desktop\code\vue3-koa-admin\koa-admin-server\node_modules\koa-compose\index.js:42:32)
          at C:\Users\Administrator\Desktop\code\vue3-koa-admin\koa-admin-server\node_modules\koa-compose\index.js:34:12
          at dispatch (C:\Users\Administrator\Desktop\code\vue3-koa-admin\koa-admin-server\node_modules\koa-router\lib\router.js:377:31)
    }
  },
  _message: 'role validation failed'
}
[2021-04-17T21:17:28.523] [ERROR] error - Error: role validation failed: createUser: Cast to ObjectId failed for value "{}" at path "createUser"
    at ValidationError.inspect (c:\Users\Administrator\Desktop\code\vue3-koa-admin\koa-admin-server\node_modules\mongoose\lib\error\validation.js:47:26)
    at internal/per_context/primordials.js:23:32
    at formatValue (internal/util/inspect.js:783:19)
    at inspect (internal/util/inspect.js:337:10)
    at formatWithOptionsInternal (internal/util/inspect.js:2016:40)
    at Object.format (internal/util/inspect.js:1890:10)
    at basicLayout (c:\Users\Administrator\Desktop\code\vue3-koa-admin\koa-admin-server\node_modules\log4js\lib\layouts.js:62:57)
    at app (c:\Users\Administrator\Desktop\code\vue3-koa-admin\koa-admin-server\node_modules\log4js\lib\appenders\dateFile.js:36:24)
    at c:\Users\Administrator\Desktop\code\vue3-koa-admin\koa-admin-server\node_modules\log4js\lib\log4js.js:42:5
    at Array.forEach (<anonymous>)
    at sendLogEventToAppender (c:\Users\Administrator\Desktop\code\vue3-koa-admin\koa-admin-server\node_modules\log4js\lib\log4js.js:41:21)
    at c:\Users\Administrator\Desktop\code\vue3-koa-admin\koa-admin-server\node_modules\log4js\lib\clustering.js:23:26
    at Array.forEach (<anonymous>)
    at sendToListeners (c:\Users\Administrator\Desktop\code\vue3-koa-admin\koa-admin-server\node_modules\log4js\lib\clustering.js:23:13)
    at Object.send (c:\Users\Administrator\Desktop\code\vue3-koa-admin\koa-admin-server\node_modules\log4js\lib\clustering.js:89:7)
    at Logger._log (c:\Users\Administrator\Desktop\code\vue3-koa-admin\koa-admin-server\node_modules\log4js\lib\logger.js:90:16) {
  errors: {
    createUser: CastError: Cast to ObjectId failed for value "{}" at path "createUser"
        at ObjectId.cast (c:\Users\Administrator\Desktop\code\vue3-koa-admin\koa-admin-server\node_modules\mongoose\lib\schema\objectid.js:281:11)
        at ObjectId.applySetters (c:\Users\Administrator\Desktop\code\vue3-koa-admin\koa-admin-server\node_modules\mongoose\lib\schematype.js:1104:12)
        at model.$set (c:\Users\Administrator\Desktop\code\vue3-koa-admin\koa-admin-server\node_modules\mongoose\lib\document.js:1279:20)
        at model.$set (c:\Users\Administrator\Desktop\code\vue3-koa-admin\koa-admin-server\node_modules\mongoose\lib\document.js:1023:16)
        at model.Document (c:\Users\Administrator\Desktop\code\vue3-koa-admin\koa-admin-server\node_modules\mongoose\lib\document.js:148:12)
        at model.Model (c:\Users\Administrator\Desktop\code\vue3-koa-admin\koa-admin-server\node_modules\mongoose\lib\model.js:105:12)
        at new model (c:\Users\Administrator\Desktop\code\vue3-koa-admin\koa-admin-server\node_modules\mongoose\lib\model.js:4718:15)
        at Object.create (c:\Users\Administrator\Desktop\code\vue3-koa-admin\koa-admin-server\services\artical.js:5:25)
        at create (c:\Users\Administrator\Desktop\code\vue3-koa-admin\koa-admin-server\controller\artical.js:6:30)
        at dispatch (c:\Users\Administrator\Desktop\code\vue3-koa-admin\koa-admin-server\node_modules\koa-compose\index.js:42:32)
        at c:\Users\Administrator\Desktop\code\vue3-koa-admin\koa-admin-server\node_modules\koa-router\lib\router.js:372:16
        at dispatch (c:\Users\Administrator\Desktop\code\vue3-koa-admin\koa-admin-server\node_modules\koa-compose\index.js:42:32)
        at c:\Users\Administrator\Desktop\code\vue3-koa-admin\koa-admin-server\node_modules\koa-compose\index.js:34:12
        at dispatch (c:\Users\Administrator\Desktop\code\vue3-koa-admin\koa-admin-server\node_modules\koa-router\lib\router.js:377:31)
        at dispatch (c:\Users\Administrator\Desktop\code\vue3-koa-admin\koa-admin-server\node_modules\koa-compose\index.js:42:32)
        at dispatch (c:\Users\Administrator\Desktop\code\vue3-koa-admin\koa-admin-server\node_modules\koa-router\lib\router.js:353:32) {
      stringValue: '"{}"',
      messageFormat: undefined,
      kind: 'ObjectId',
      value: {},
      path: 'createUser',
      reason: Error: Argument passed in must be a single String of 12 bytes or a string of 24 hex characters
          at new ObjectID (c:\Users\Administrator\Desktop\code\vue3-koa-admin\koa-admin-server\node_modules\bson\lib\bson\objectid.js:59:11)
          at castObjectId (c:\Users\Administrator\Desktop\code\vue3-koa-admin\koa-admin-server\node_modules\mongoose\lib\cast\objectid.js:25:12)
          at ObjectId.cast (c:\Users\Administrator\Desktop\code\vue3-koa-admin\koa-admin-server\node_modules\mongoose\lib\schema\objectid.js:279:12)
          at ObjectId.applySetters (c:\Users\Administrator\Desktop\code\vue3-koa-admin\koa-admin-server\node_modules\mongoose\lib\schematype.js:1104:12)
          at model.$set (c:\Users\Administrator\Desktop\code\vue3-koa-admin\koa-admin-server\node_modules\mongoose\lib\document.js:1279:20)
          at model.$set (c:\Users\Administrator\Desktop\code\vue3-koa-admin\koa-admin-server\node_modules\mongoose\lib\document.js:1023:16)
          at model.Document (c:\Users\Administrator\Desktop\code\vue3-koa-admin\koa-admin-server\node_modules\mongoose\lib\document.js:148:12)
          at model.Model (c:\Users\Administrator\Desktop\code\vue3-koa-admin\koa-admin-server\node_modules\mongoose\lib\model.js:105:12)
          at new model (c:\Users\Administrator\Desktop\code\vue3-koa-admin\koa-admin-server\node_modules\mongoose\lib\model.js:4718:15)
          at Object.create (c:\Users\Administrator\Desktop\code\vue3-koa-admin\koa-admin-server\services\artical.js:5:25)
          at create (c:\Users\Administrator\Desktop\code\vue3-koa-admin\koa-admin-server\controller\artical.js:6:30)
          at dispatch (c:\Users\Administrator\Desktop\code\vue3-koa-admin\koa-admin-server\node_modules\koa-compose\index.js:42:32)
          at c:\Users\Administrator\Desktop\code\vue3-koa-admin\koa-admin-server\node_modules\koa-router\lib\router.js:372:16
          at dispatch (c:\Users\Administrator\Desktop\code\vue3-koa-admin\koa-admin-server\node_modules\koa-compose\index.js:42:32)
          at c:\Users\Administrator\Desktop\code\vue3-koa-admin\koa-admin-server\node_modules\koa-compose\index.js:34:12
          at dispatch (c:\Users\Administrator\Desktop\code\vue3-koa-admin\koa-admin-server\node_modules\koa-router\lib\router.js:377:31)
    }
  },
  _message: 'role validation failed'
}
[2021-04-17T21:37:47.158] [ERROR] error - MongoError: E11000 duplicate key error collection: test.articals index: title_1 dup key: { title: "aa" }
    at Function.create (c:\Users\Administrator\Desktop\code\vue3-koa-admin\koa-admin-server\node_modules\mongodb\lib\core\error.js:57:12)
    at toError (c:\Users\Administrator\Desktop\code\vue3-koa-admin\koa-admin-server\node_modules\mongodb\lib\utils.js:123:22)
    at c:\Users\Administrator\Desktop\code\vue3-koa-admin\koa-admin-server\node_modules\mongodb\lib\operations\common_functions.js:258:39
    at c:\Users\Administrator\Desktop\code\vue3-koa-admin\koa-admin-server\node_modules\mongodb\lib\core\connection\pool.js:405:18
    at processTicksAndRejections (internal/process/task_queues.js:75:11) {
  driver: true,
  index: 0,
  code: 11000,
  keyPattern: { title: 1 },
  keyValue: { title: 'aa' }
}
[2021-04-17T21:38:04.595] [ERROR] error - MongoError: E11000 duplicate key error collection: test.articals index: title_1 dup key: { title: "aa" }
    at Function.create (c:\Users\Administrator\Desktop\code\vue3-koa-admin\koa-admin-server\node_modules\mongodb\lib\core\error.js:57:12)
    at toError (c:\Users\Administrator\Desktop\code\vue3-koa-admin\koa-admin-server\node_modules\mongodb\lib\utils.js:123:22)
    at c:\Users\Administrator\Desktop\code\vue3-koa-admin\koa-admin-server\node_modules\mongodb\lib\operations\common_functions.js:258:39
    at c:\Users\Administrator\Desktop\code\vue3-koa-admin\koa-admin-server\node_modules\mongodb\lib\core\connection\pool.js:405:18
    at processTicksAndRejections (internal/process/task_queues.js:75:11) {
  driver: true,
  index: 0,
  code: 11000,
  keyPattern: { title: 1 },
  keyValue: { title: 'aa' }
}
[2021-04-17T21:38:05.360] [ERROR] error - MongoError: E11000 duplicate key error collection: test.articals index: title_1 dup key: { title: "aa" }
    at Function.create (c:\Users\Administrator\Desktop\code\vue3-koa-admin\koa-admin-server\node_modules\mongodb\lib\core\error.js:57:12)
    at toError (c:\Users\Administrator\Desktop\code\vue3-koa-admin\koa-admin-server\node_modules\mongodb\lib\utils.js:123:22)
    at c:\Users\Administrator\Desktop\code\vue3-koa-admin\koa-admin-server\node_modules\mongodb\lib\operations\common_functions.js:258:39
    at c:\Users\Administrator\Desktop\code\vue3-koa-admin\koa-admin-server\node_modules\mongodb\lib\core\connection\pool.js:405:18
    at processTicksAndRejections (internal/process/task_queues.js:75:11) {
  driver: true,
  index: 0,
  code: 11000,
  keyPattern: { title: 1 },
  keyValue: { title: 'aa' }
}
[2021-04-17T21:38:09.977] [ERROR] error - MongoError: E11000 duplicate key error collection: test.articals index: title_1 dup key: { title: "aca" }
    at Function.create (c:\Users\Administrator\Desktop\code\vue3-koa-admin\koa-admin-server\node_modules\mongodb\lib\core\error.js:57:12)
    at toError (c:\Users\Administrator\Desktop\code\vue3-koa-admin\koa-admin-server\node_modules\mongodb\lib\utils.js:123:22)
    at c:\Users\Administrator\Desktop\code\vue3-koa-admin\koa-admin-server\node_modules\mongodb\lib\operations\common_functions.js:258:39
    at c:\Users\Administrator\Desktop\code\vue3-koa-admin\koa-admin-server\node_modules\mongodb\lib\core\connection\pool.js:405:18
    at processTicksAndRejections (internal/process/task_queues.js:75:11) {
  driver: true,
  index: 0,
  code: 11000,
  keyPattern: { title: 1 },
  keyValue: { title: 'aca' }
}
[2021-04-17T21:42:17.997] [ERROR] error - MongoError: E11000 duplicate key error collection: test.users index: name_1 dup key: { name: "lizhaoji" }
    at Function.create (c:\Users\Administrator\Desktop\code\vue3-koa-admin\koa-admin-server\node_modules\mongodb\lib\core\error.js:57:12)
    at toError (c:\Users\Administrator\Desktop\code\vue3-koa-admin\koa-admin-server\node_modules\mongodb\lib\utils.js:123:22)
    at c:\Users\Administrator\Desktop\code\vue3-koa-admin\koa-admin-server\node_modules\mongodb\lib\operations\common_functions.js:258:39
    at c:\Users\Administrator\Desktop\code\vue3-koa-admin\koa-admin-server\node_modules\mongodb\lib\core\connection\pool.js:405:18
    at processTicksAndRejections (internal/process/task_queues.js:75:11) {
  driver: true,
  index: 0,
  code: 11000,
  keyPattern: { name: 1 },
  keyValue: { name: 'lizhaoji' }
}
[2021-04-17T21:44:11.411] [ERROR] error - Error: Artical validation failed: createUser: Cast to ObjectId failed for value "607ae5b85d7a58344809f4e3a" at path "createUser"
    at ValidationError.inspect (c:\Users\Administrator\Desktop\code\vue3-koa-admin\koa-admin-server\node_modules\mongoose\lib\error\validation.js:47:26)
    at internal/per_context/primordials.js:23:32
    at formatValue (internal/util/inspect.js:783:19)
    at inspect (internal/util/inspect.js:337:10)
    at formatWithOptionsInternal (internal/util/inspect.js:2016:40)
    at Object.format (internal/util/inspect.js:1890:10)
    at basicLayout (c:\Users\Administrator\Desktop\code\vue3-koa-admin\koa-admin-server\node_modules\log4js\lib\layouts.js:62:57)
    at app (c:\Users\Administrator\Desktop\code\vue3-koa-admin\koa-admin-server\node_modules\log4js\lib\appenders\dateFile.js:36:24)
    at c:\Users\Administrator\Desktop\code\vue3-koa-admin\koa-admin-server\node_modules\log4js\lib\log4js.js:42:5
    at Array.forEach (<anonymous>)
    at sendLogEventToAppender (c:\Users\Administrator\Desktop\code\vue3-koa-admin\koa-admin-server\node_modules\log4js\lib\log4js.js:41:21)
    at c:\Users\Administrator\Desktop\code\vue3-koa-admin\koa-admin-server\node_modules\log4js\lib\clustering.js:23:26
    at Array.forEach (<anonymous>)
    at sendToListeners (c:\Users\Administrator\Desktop\code\vue3-koa-admin\koa-admin-server\node_modules\log4js\lib\clustering.js:23:13)
    at Object.send (c:\Users\Administrator\Desktop\code\vue3-koa-admin\koa-admin-server\node_modules\log4js\lib\clustering.js:89:7)
    at Logger._log (c:\Users\Administrator\Desktop\code\vue3-koa-admin\koa-admin-server\node_modules\log4js\lib\logger.js:90:16) {
  errors: {
    createUser: CastError: Cast to ObjectId failed for value "607ae5b85d7a58344809f4e3a" at path "createUser"
        at ObjectId.cast (c:\Users\Administrator\Desktop\code\vue3-koa-admin\koa-admin-server\node_modules\mongoose\lib\schema\objectid.js:281:11)
        at ObjectId.applySetters (c:\Users\Administrator\Desktop\code\vue3-koa-admin\koa-admin-server\node_modules\mongoose\lib\schematype.js:1104:12)
        at model.$set (c:\Users\Administrator\Desktop\code\vue3-koa-admin\koa-admin-server\node_modules\mongoose\lib\document.js:1279:20)
        at model.$set (c:\Users\Administrator\Desktop\code\vue3-koa-admin\koa-admin-server\node_modules\mongoose\lib\document.js:1023:16)
        at model.Document (c:\Users\Administrator\Desktop\code\vue3-koa-admin\koa-admin-server\node_modules\mongoose\lib\document.js:148:12)
        at model.Model (c:\Users\Administrator\Desktop\code\vue3-koa-admin\koa-admin-server\node_modules\mongoose\lib\model.js:105:12)
        at new model (c:\Users\Administrator\Desktop\code\vue3-koa-admin\koa-admin-server\node_modules\mongoose\lib\model.js:4718:15)
        at Object.create (c:\Users\Administrator\Desktop\code\vue3-koa-admin\koa-admin-server\services\artical.js:5:25)
        at create (c:\Users\Administrator\Desktop\code\vue3-koa-admin\koa-admin-server\controller\artical.js:7:30)
        at dispatch (c:\Users\Administrator\Desktop\code\vue3-koa-admin\koa-admin-server\node_modules\koa-compose\index.js:42:32)
        at c:\Users\Administrator\Desktop\code\vue3-koa-admin\koa-admin-server\node_modules\koa-router\lib\router.js:372:16
        at dispatch (c:\Users\Administrator\Desktop\code\vue3-koa-admin\koa-admin-server\node_modules\koa-compose\index.js:42:32)
        at c:\Users\Administrator\Desktop\code\vue3-koa-admin\koa-admin-server\node_modules\koa-compose\index.js:34:12
        at dispatch (c:\Users\Administrator\Desktop\code\vue3-koa-admin\koa-admin-server\node_modules\koa-router\lib\router.js:377:31)
        at dispatch (c:\Users\Administrator\Desktop\code\vue3-koa-admin\koa-admin-server\node_modules\koa-compose\index.js:42:32)
        at dispatch (c:\Users\Administrator\Desktop\code\vue3-koa-admin\koa-admin-server\node_modules\koa-router\lib\router.js:353:32) {
      stringValue: '"607ae5b85d7a58344809f4e3a"',
      messageFormat: undefined,
      kind: 'ObjectId',
      value: '607ae5b85d7a58344809f4e3a',
      path: 'createUser',
      reason: Error: Argument passed in must be a single String of 12 bytes or a string of 24 hex characters
          at new ObjectID (c:\Users\Administrator\Desktop\code\vue3-koa-admin\koa-admin-server\node_modules\bson\lib\bson\objectid.js:59:11)
          at castObjectId (c:\Users\Administrator\Desktop\code\vue3-koa-admin\koa-admin-server\node_modules\mongoose\lib\cast\objectid.js:25:12)
          at ObjectId.cast (c:\Users\Administrator\Desktop\code\vue3-koa-admin\koa-admin-server\node_modules\mongoose\lib\schema\objectid.js:279:12)
          at ObjectId.applySetters (c:\Users\Administrator\Desktop\code\vue3-koa-admin\koa-admin-server\node_modules\mongoose\lib\schematype.js:1104:12)
          at model.$set (c:\Users\Administrator\Desktop\code\vue3-koa-admin\koa-admin-server\node_modules\mongoose\lib\document.js:1279:20)
          at model.$set (c:\Users\Administrator\Desktop\code\vue3-koa-admin\koa-admin-server\node_modules\mongoose\lib\document.js:1023:16)
          at model.Document (c:\Users\Administrator\Desktop\code\vue3-koa-admin\koa-admin-server\node_modules\mongoose\lib\document.js:148:12)
          at model.Model (c:\Users\Administrator\Desktop\code\vue3-koa-admin\koa-admin-server\node_modules\mongoose\lib\model.js:105:12)
          at new model (c:\Users\Administrator\Desktop\code\vue3-koa-admin\koa-admin-server\node_modules\mongoose\lib\model.js:4718:15)
          at Object.create (c:\Users\Administrator\Desktop\code\vue3-koa-admin\koa-admin-server\services\artical.js:5:25)
          at create (c:\Users\Administrator\Desktop\code\vue3-koa-admin\koa-admin-server\controller\artical.js:7:30)
          at dispatch (c:\Users\Administrator\Desktop\code\vue3-koa-admin\koa-admin-server\node_modules\koa-compose\index.js:42:32)
          at c:\Users\Administrator\Desktop\code\vue3-koa-admin\koa-admin-server\node_modules\koa-router\lib\router.js:372:16
          at dispatch (c:\Users\Administrator\Desktop\code\vue3-koa-admin\koa-admin-server\node_modules\koa-compose\index.js:42:32)
          at c:\Users\Administrator\Desktop\code\vue3-koa-admin\koa-admin-server\node_modules\koa-compose\index.js:34:12
          at dispatch (c:\Users\Administrator\Desktop\code\vue3-koa-admin\koa-admin-server\node_modules\koa-router\lib\router.js:377:31)
    }
  },
  _message: 'Artical validation failed'
}
[2021-04-17T21:44:17.456] [ERROR] error - Error: Artical validation failed: createUser: Cast to ObjectId failed for value "607ae5b85d7a58344809f4e3a" at path "createUser"
    at ValidationError.inspect (c:\Users\Administrator\Desktop\code\vue3-koa-admin\koa-admin-server\node_modules\mongoose\lib\error\validation.js:47:26)
    at internal/per_context/primordials.js:23:32
    at formatValue (internal/util/inspect.js:783:19)
    at inspect (internal/util/inspect.js:337:10)
    at formatWithOptionsInternal (internal/util/inspect.js:2016:40)
    at Object.format (internal/util/inspect.js:1890:10)
    at basicLayout (c:\Users\Administrator\Desktop\code\vue3-koa-admin\koa-admin-server\node_modules\log4js\lib\layouts.js:62:57)
    at app (c:\Users\Administrator\Desktop\code\vue3-koa-admin\koa-admin-server\node_modules\log4js\lib\appenders\dateFile.js:36:24)
    at c:\Users\Administrator\Desktop\code\vue3-koa-admin\koa-admin-server\node_modules\log4js\lib\log4js.js:42:5
    at Array.forEach (<anonymous>)
    at sendLogEventToAppender (c:\Users\Administrator\Desktop\code\vue3-koa-admin\koa-admin-server\node_modules\log4js\lib\log4js.js:41:21)
    at c:\Users\Administrator\Desktop\code\vue3-koa-admin\koa-admin-server\node_modules\log4js\lib\clustering.js:23:26
    at Array.forEach (<anonymous>)
    at sendToListeners (c:\Users\Administrator\Desktop\code\vue3-koa-admin\koa-admin-server\node_modules\log4js\lib\clustering.js:23:13)
    at Object.send (c:\Users\Administrator\Desktop\code\vue3-koa-admin\koa-admin-server\node_modules\log4js\lib\clustering.js:89:7)
    at Logger._log (c:\Users\Administrator\Desktop\code\vue3-koa-admin\koa-admin-server\node_modules\log4js\lib\logger.js:90:16) {
  errors: {
    createUser: CastError: Cast to ObjectId failed for value "607ae5b85d7a58344809f4e3a" at path "createUser"
        at ObjectId.cast (c:\Users\Administrator\Desktop\code\vue3-koa-admin\koa-admin-server\node_modules\mongoose\lib\schema\objectid.js:281:11)
        at ObjectId.applySetters (c:\Users\Administrator\Desktop\code\vue3-koa-admin\koa-admin-server\node_modules\mongoose\lib\schematype.js:1104:12)
        at model.$set (c:\Users\Administrator\Desktop\code\vue3-koa-admin\koa-admin-server\node_modules\mongoose\lib\document.js:1279:20)
        at model.$set (c:\Users\Administrator\Desktop\code\vue3-koa-admin\koa-admin-server\node_modules\mongoose\lib\document.js:1023:16)
        at model.Document (c:\Users\Administrator\Desktop\code\vue3-koa-admin\koa-admin-server\node_modules\mongoose\lib\document.js:148:12)
        at model.Model (c:\Users\Administrator\Desktop\code\vue3-koa-admin\koa-admin-server\node_modules\mongoose\lib\model.js:105:12)
        at new model (c:\Users\Administrator\Desktop\code\vue3-koa-admin\koa-admin-server\node_modules\mongoose\lib\model.js:4718:15)
        at Object.create (c:\Users\Administrator\Desktop\code\vue3-koa-admin\koa-admin-server\services\artical.js:5:25)
        at create (c:\Users\Administrator\Desktop\code\vue3-koa-admin\koa-admin-server\controller\artical.js:7:30)
        at dispatch (c:\Users\Administrator\Desktop\code\vue3-koa-admin\koa-admin-server\node_modules\koa-compose\index.js:42:32)
        at c:\Users\Administrator\Desktop\code\vue3-koa-admin\koa-admin-server\node_modules\koa-router\lib\router.js:372:16
        at dispatch (c:\Users\Administrator\Desktop\code\vue3-koa-admin\koa-admin-server\node_modules\koa-compose\index.js:42:32)
        at c:\Users\Administrator\Desktop\code\vue3-koa-admin\koa-admin-server\node_modules\koa-compose\index.js:34:12
        at dispatch (c:\Users\Administrator\Desktop\code\vue3-koa-admin\koa-admin-server\node_modules\koa-router\lib\router.js:377:31)
        at dispatch (c:\Users\Administrator\Desktop\code\vue3-koa-admin\koa-admin-server\node_modules\koa-compose\index.js:42:32)
        at dispatch (c:\Users\Administrator\Desktop\code\vue3-koa-admin\koa-admin-server\node_modules\koa-router\lib\router.js:353:32) {
      stringValue: '"607ae5b85d7a58344809f4e3a"',
      messageFormat: undefined,
      kind: 'ObjectId',
      value: '607ae5b85d7a58344809f4e3a',
      path: 'createUser',
      reason: Error: Argument passed in must be a single String of 12 bytes or a string of 24 hex characters
          at new ObjectID (c:\Users\Administrator\Desktop\code\vue3-koa-admin\koa-admin-server\node_modules\bson\lib\bson\objectid.js:59:11)
          at castObjectId (c:\Users\Administrator\Desktop\code\vue3-koa-admin\koa-admin-server\node_modules\mongoose\lib\cast\objectid.js:25:12)
          at ObjectId.cast (c:\Users\Administrator\Desktop\code\vue3-koa-admin\koa-admin-server\node_modules\mongoose\lib\schema\objectid.js:279:12)
          at ObjectId.applySetters (c:\Users\Administrator\Desktop\code\vue3-koa-admin\koa-admin-server\node_modules\mongoose\lib\schematype.js:1104:12)
          at model.$set (c:\Users\Administrator\Desktop\code\vue3-koa-admin\koa-admin-server\node_modules\mongoose\lib\document.js:1279:20)
          at model.$set (c:\Users\Administrator\Desktop\code\vue3-koa-admin\koa-admin-server\node_modules\mongoose\lib\document.js:1023:16)
          at model.Document (c:\Users\Administrator\Desktop\code\vue3-koa-admin\koa-admin-server\node_modules\mongoose\lib\document.js:148:12)
          at model.Model (c:\Users\Administrator\Desktop\code\vue3-koa-admin\koa-admin-server\node_modules\mongoose\lib\model.js:105:12)
          at new model (c:\Users\Administrator\Desktop\code\vue3-koa-admin\koa-admin-server\node_modules\mongoose\lib\model.js:4718:15)
          at Object.create (c:\Users\Administrator\Desktop\code\vue3-koa-admin\koa-admin-server\services\artical.js:5:25)
          at create (c:\Users\Administrator\Desktop\code\vue3-koa-admin\koa-admin-server\controller\artical.js:7:30)
          at dispatch (c:\Users\Administrator\Desktop\code\vue3-koa-admin\koa-admin-server\node_modules\koa-compose\index.js:42:32)
          at c:\Users\Administrator\Desktop\code\vue3-koa-admin\koa-admin-server\node_modules\koa-router\lib\router.js:372:16
          at dispatch (c:\Users\Administrator\Desktop\code\vue3-koa-admin\koa-admin-server\node_modules\koa-compose\index.js:42:32)
          at c:\Users\Administrator\Desktop\code\vue3-koa-admin\koa-admin-server\node_modules\koa-compose\index.js:34:12
          at dispatch (c:\Users\Administrator\Desktop\code\vue3-koa-admin\koa-admin-server\node_modules\koa-router\lib\router.js:377:31)
    }
  },
  _message: 'Artical validation failed'
}
[2021-04-17T21:44:25.033] [ERROR] error - MongoError: E11000 duplicate key error collection: test.articals index: title_1 dup key: { title: "aaca" }
    at Function.create (c:\Users\Administrator\Desktop\code\vue3-koa-admin\koa-admin-server\node_modules\mongodb\lib\core\error.js:57:12)
    at toError (c:\Users\Administrator\Desktop\code\vue3-koa-admin\koa-admin-server\node_modules\mongodb\lib\utils.js:123:22)
    at c:\Users\Administrator\Desktop\code\vue3-koa-admin\koa-admin-server\node_modules\mongodb\lib\operations\common_functions.js:258:39
    at c:\Users\Administrator\Desktop\code\vue3-koa-admin\koa-admin-server\node_modules\mongodb\lib\core\connection\pool.js:405:18
    at processTicksAndRejections (internal/process/task_queues.js:75:11) {
  driver: true,
  index: 0,
  code: 11000,
  keyPattern: { title: 1 },
  keyValue: { title: 'aaca' }
}
[2021-04-17T21:44:26.338] [ERROR] error - MongoError: E11000 duplicate key error collection: test.articals index: title_1 dup key: { title: "aaca" }
    at Function.create (c:\Users\Administrator\Desktop\code\vue3-koa-admin\koa-admin-server\node_modules\mongodb\lib\core\error.js:57:12)
    at toError (c:\Users\Administrator\Desktop\code\vue3-koa-admin\koa-admin-server\node_modules\mongodb\lib\utils.js:123:22)
    at c:\Users\Administrator\Desktop\code\vue3-koa-admin\koa-admin-server\node_modules\mongodb\lib\operations\common_functions.js:258:39
    at c:\Users\Administrator\Desktop\code\vue3-koa-admin\koa-admin-server\node_modules\mongodb\lib\core\connection\pool.js:405:18
    at processTicksAndRejections (internal/process/task_queues.js:75:11) {
  driver: true,
  index: 0,
  code: 11000,
  keyPattern: { title: 1 },
  keyValue: { title: 'aaca' }
}
[2021-04-17T21:44:27.093] [ERROR] error - MongoError: E11000 duplicate key error collection: test.articals index: title_1 dup key: { title: "aaca" }
    at Function.create (c:\Users\Administrator\Desktop\code\vue3-koa-admin\koa-admin-server\node_modules\mongodb\lib\core\error.js:57:12)
    at toError (c:\Users\Administrator\Desktop\code\vue3-koa-admin\koa-admin-server\node_modules\mongodb\lib\utils.js:123:22)
    at c:\Users\Administrator\Desktop\code\vue3-koa-admin\koa-admin-server\node_modules\mongodb\lib\operations\common_functions.js:258:39
    at c:\Users\Administrator\Desktop\code\vue3-koa-admin\koa-admin-server\node_modules\mongodb\lib\core\connection\pool.js:405:18
    at processTicksAndRejections (internal/process/task_queues.js:75:11) {
  driver: true,
  index: 0,
  code: 11000,
  keyPattern: { title: 1 },
  keyValue: { title: 'aaca' }
}
[2021-04-17T21:44:27.751] [ERROR] error - MongoError: E11000 duplicate key error collection: test.articals index: title_1 dup key: { title: "aaca" }
    at Function.create (c:\Users\Administrator\Desktop\code\vue3-koa-admin\koa-admin-server\node_modules\mongodb\lib\core\error.js:57:12)
    at toError (c:\Users\Administrator\Desktop\code\vue3-koa-admin\koa-admin-server\node_modules\mongodb\lib\utils.js:123:22)
    at c:\Users\Administrator\Desktop\code\vue3-koa-admin\koa-admin-server\node_modules\mongodb\lib\operations\common_functions.js:258:39
    at c:\Users\Administrator\Desktop\code\vue3-koa-admin\koa-admin-server\node_modules\mongodb\lib\core\connection\pool.js:405:18
    at processTicksAndRejections (internal/process/task_queues.js:75:11) {
  driver: true,
  index: 0,
  code: 11000,
  keyPattern: { title: 1 },
  keyValue: { title: 'aaca' }
}
[2021-04-17T21:44:28.160] [ERROR] error - MongoError: E11000 duplicate key error collection: test.articals index: title_1 dup key: { title: "aaca" }
    at Function.create (c:\Users\Administrator\Desktop\code\vue3-koa-admin\koa-admin-server\node_modules\mongodb\lib\core\error.js:57:12)
    at toError (c:\Users\Administrator\Desktop\code\vue3-koa-admin\koa-admin-server\node_modules\mongodb\lib\utils.js:123:22)
    at c:\Users\Administrator\Desktop\code\vue3-koa-admin\koa-admin-server\node_modules\mongodb\lib\operations\common_functions.js:258:39
    at c:\Users\Administrator\Desktop\code\vue3-koa-admin\koa-admin-server\node_modules\mongodb\lib\core\connection\pool.js:405:18
    at processTicksAndRejections (internal/process/task_queues.js:75:11) {
  driver: true,
  index: 0,
  code: 11000,
  keyPattern: { title: 1 },
  keyValue: { title: 'aaca' }
}
[2021-04-17T21:44:38.112] [ERROR] error - MongoError: E11000 duplicate key error collection: test.articals index: title_1 dup key: { title: "aaca" }
    at Function.create (c:\Users\Administrator\Desktop\code\vue3-koa-admin\koa-admin-server\node_modules\mongodb\lib\core\error.js:57:12)
    at toError (c:\Users\Administrator\Desktop\code\vue3-koa-admin\koa-admin-server\node_modules\mongodb\lib\utils.js:123:22)
    at c:\Users\Administrator\Desktop\code\vue3-koa-admin\koa-admin-server\node_modules\mongodb\lib\operations\common_functions.js:258:39
    at c:\Users\Administrator\Desktop\code\vue3-koa-admin\koa-admin-server\node_modules\mongodb\lib\core\connection\pool.js:405:18
    at processTicksAndRejections (internal/process/task_queues.js:75:11) {
  driver: true,
  index: 0,
  code: 11000,
  keyPattern: { title: 1 },
  keyValue: { title: 'aaca' }
}
[2021-04-17T21:44:48.812] [ERROR] error - MongoError: E11000 duplicate key error collection: test.articals index: title_1 dup key: { title: "aaaaca" }
    at Function.create (c:\Users\Administrator\Desktop\code\vue3-koa-admin\koa-admin-server\node_modules\mongodb\lib\core\error.js:57:12)
    at toError (c:\Users\Administrator\Desktop\code\vue3-koa-admin\koa-admin-server\node_modules\mongodb\lib\utils.js:123:22)
    at c:\Users\Administrator\Desktop\code\vue3-koa-admin\koa-admin-server\node_modules\mongodb\lib\operations\common_functions.js:258:39
    at c:\Users\Administrator\Desktop\code\vue3-koa-admin\koa-admin-server\node_modules\mongodb\lib\core\connection\pool.js:405:18
    at processTicksAndRejections (internal/process/task_queues.js:75:11) {
  driver: true,
  index: 0,
  code: 11000,
  keyPattern: { title: 1 },
  keyValue: { title: 'aaaaca' }
}
[2021-04-17T21:51:30.211] [ERROR] error - ReferenceError: name is not defined
    at Object.query (c:\Users\Administrator\Desktop\code\vue3-koa-admin\koa-admin-server\services\artical.js:14:35)
    at processTicksAndRejections (internal/process/task_queues.js:93:5)
    at async query (c:\Users\Administrator\Desktop\code\vue3-koa-admin\koa-admin-server\controller\artical.js:16:33)
    at async bodyParser (c:\Users\Administrator\Desktop\code\vue3-koa-admin\koa-admin-server\node_modules\koa-bodyparser\index.js:95:5)
    at async serve (c:\Users\Administrator\Desktop\code\vue3-koa-admin\koa-admin-server\node_modules\koa-static\index.js:53:9)
    at async session (c:\Users\Administrator\Desktop\code\vue3-koa-admin\koa-admin-server\node_modules\koa-session\index.js:41:7)
    at async cors (c:\Users\Administrator\Desktop\code\vue3-koa-admin\koa-admin-server\node_modules\koa2-cors\dist\index.js:91:9)
    at async c:\Users\Administrator\Desktop\code\vue3-koa-admin\koa-admin-server\config\log4js.js:42:9
[2021-04-17T22:01:31.992] [ERROR] error - ReferenceError: body is not defined
    at delete (c:\Users\Administrator\Desktop\code\vue3-koa-admin\koa-admin-server\controller\artical.js:26:49)
    at dispatch (c:\Users\Administrator\Desktop\code\vue3-koa-admin\koa-admin-server\node_modules\koa-compose\index.js:42:32)
    at c:\Users\Administrator\Desktop\code\vue3-koa-admin\koa-admin-server\node_modules\koa-router\lib\router.js:372:16
    at dispatch (c:\Users\Administrator\Desktop\code\vue3-koa-admin\koa-admin-server\node_modules\koa-compose\index.js:42:32)
    at c:\Users\Administrator\Desktop\code\vue3-koa-admin\koa-admin-server\node_modules\koa-compose\index.js:34:12
    at dispatch (c:\Users\Administrator\Desktop\code\vue3-koa-admin\koa-admin-server\node_modules\koa-router\lib\router.js:377:31)
    at dispatch (c:\Users\Administrator\Desktop\code\vue3-koa-admin\koa-admin-server\node_modules\koa-compose\index.js:42:32)
    at dispatch (c:\Users\Administrator\Desktop\code\vue3-koa-admin\koa-admin-server\node_modules\koa-router\lib\router.js:353:32)
    at dispatch (c:\Users\Administrator\Desktop\code\vue3-koa-admin\koa-admin-server\node_modules\koa-compose\index.js:42:32)
    at bodyParser (c:\Users\Administrator\Desktop\code\vue3-koa-admin\koa-admin-server\node_modules\koa-bodyparser\index.js:95:11)
    at processTicksAndRejections (internal/process/task_queues.js:93:5)
    at async serve (c:\Users\Administrator\Desktop\code\vue3-koa-admin\koa-admin-server\node_modules\koa-static\index.js:53:9)
    at async session (c:\Users\Administrator\Desktop\code\vue3-koa-admin\koa-admin-server\node_modules\koa-session\index.js:41:7)
    at async cors (c:\Users\Administrator\Desktop\code\vue3-koa-admin\koa-admin-server\node_modules\koa2-cors\dist\index.js:91:9)
    at async c:\Users\Administrator\Desktop\code\vue3-koa-admin\koa-admin-server\config\log4js.js:42:9
[2021-04-17T22:01:54.330] [ERROR] error - ReferenceError: UserModel is not defined
    at Object.delete (c:\Users\Administrator\Desktop\code\vue3-koa-admin\koa-admin-server\services\artical.js:25:17)
    at delete (c:\Users\Administrator\Desktop\code\vue3-koa-admin\koa-admin-server\controller\artical.js:27:48)
    at dispatch (c:\Users\Administrator\Desktop\code\vue3-koa-admin\koa-admin-server\node_modules\koa-compose\index.js:42:32)
    at c:\Users\Administrator\Desktop\code\vue3-koa-admin\koa-admin-server\node_modules\koa-router\lib\router.js:372:16
    at dispatch (c:\Users\Administrator\Desktop\code\vue3-koa-admin\koa-admin-server\node_modules\koa-compose\index.js:42:32)
    at c:\Users\Administrator\Desktop\code\vue3-koa-admin\koa-admin-server\node_modules\koa-compose\index.js:34:12
    at dispatch (c:\Users\Administrator\Desktop\code\vue3-koa-admin\koa-admin-server\node_modules\koa-router\lib\router.js:377:31)
    at dispatch (c:\Users\Administrator\Desktop\code\vue3-koa-admin\koa-admin-server\node_modules\koa-compose\index.js:42:32)
    at dispatch (c:\Users\Administrator\Desktop\code\vue3-koa-admin\koa-admin-server\node_modules\koa-router\lib\router.js:353:32)
    at dispatch (c:\Users\Administrator\Desktop\code\vue3-koa-admin\koa-admin-server\node_modules\koa-compose\index.js:42:32)
    at bodyParser (c:\Users\Administrator\Desktop\code\vue3-koa-admin\koa-admin-server\node_modules\koa-bodyparser\index.js:95:11)
    at processTicksAndRejections (internal/process/task_queues.js:93:5)
    at async serve (c:\Users\Administrator\Desktop\code\vue3-koa-admin\koa-admin-server\node_modules\koa-static\index.js:53:9)
    at async session (c:\Users\Administrator\Desktop\code\vue3-koa-admin\koa-admin-server\node_modules\koa-session\index.js:41:7)
    at async cors (c:\Users\Administrator\Desktop\code\vue3-koa-admin\koa-admin-server\node_modules\koa2-cors\dist\index.js:91:9)
    at async c:\Users\Administrator\Desktop\code\vue3-koa-admin\koa-admin-server\config\log4js.js:42:9
[2021-04-17T22:07:11.467] [ERROR] error - MongoError: Cannot do exclusion on field id in inclusion projection
    at Connection.<anonymous> (c:\Users\Administrator\Desktop\code\vue3-koa-admin\koa-admin-server\node_modules\mongodb\lib\core\connection\pool.js:451:61)
    at Connection.emit (events.js:315:20)
    at processMessage (c:\Users\Administrator\Desktop\code\vue3-koa-admin\koa-admin-server\node_modules\mongodb\lib\core\connection\connection.js:451:10)
    at Socket.<anonymous> (c:\Users\Administrator\Desktop\code\vue3-koa-admin\koa-admin-server\node_modules\mongodb\lib\core\connection\connection.js:620:15)
    at Socket.emit (events.js:315:20)
    at addChunk (internal/streams/readable.js:309:12)
    at readableAddChunk (internal/streams/readable.js:284:9)
    at Socket.push (internal/streams/readable.js:223:10)
    at TCP.onStreamRead (internal/stream_base_commons.js:188:23)
    at TCP.callbackTrampoline (internal/async_hooks.js:131:14) {
  ok: 0,
  code: 31254,
  codeName: 'Location31254'
}
[2021-04-17T22:07:32.688] [ERROR] error - MongoError: Cannot do exclusion on field id in inclusion projection
    at Connection.<anonymous> (c:\Users\Administrator\Desktop\code\vue3-koa-admin\koa-admin-server\node_modules\mongodb\lib\core\connection\pool.js:451:61)
    at Connection.emit (events.js:315:20)
    at processMessage (c:\Users\Administrator\Desktop\code\vue3-koa-admin\koa-admin-server\node_modules\mongodb\lib\core\connection\connection.js:451:10)
    at Socket.<anonymous> (c:\Users\Administrator\Desktop\code\vue3-koa-admin\koa-admin-server\node_modules\mongodb\lib\core\connection\connection.js:620:15)
    at Socket.emit (events.js:315:20)
    at addChunk (internal/streams/readable.js:309:12)
    at readableAddChunk (internal/streams/readable.js:284:9)
    at Socket.push (internal/streams/readable.js:223:10)
    at TCP.onStreamRead (internal/stream_base_commons.js:188:23)
    at TCP.callbackTrampoline (internal/async_hooks.js:131:14) {
  ok: 0,
  code: 31254,
  codeName: 'Location31254'
}
[2021-04-17T22:08:17.489] [ERROR] error - TypeError: ArticalModel.findOneById is not a function
    at Object.getDetailById (c:\Users\Administrator\Desktop\code\vue3-koa-admin\koa-admin-server\services\artical.js:30:36)
    at getDetail (c:\Users\Administrator\Desktop\code\vue3-koa-admin\koa-admin-server\controller\artical.js:44:46)
    at dispatch (c:\Users\Administrator\Desktop\code\vue3-koa-admin\koa-admin-server\node_modules\koa-compose\index.js:42:32)
    at c:\Users\Administrator\Desktop\code\vue3-koa-admin\koa-admin-server\node_modules\koa-router\lib\router.js:372:16
    at dispatch (c:\Users\Administrator\Desktop\code\vue3-koa-admin\koa-admin-server\node_modules\koa-compose\index.js:42:32)
    at c:\Users\Administrator\Desktop\code\vue3-koa-admin\koa-admin-server\node_modules\koa-compose\index.js:34:12
    at dispatch (c:\Users\Administrator\Desktop\code\vue3-koa-admin\koa-admin-server\node_modules\koa-router\lib\router.js:377:31)
    at dispatch (c:\Users\Administrator\Desktop\code\vue3-koa-admin\koa-admin-server\node_modules\koa-compose\index.js:42:32)
    at dispatch (c:\Users\Administrator\Desktop\code\vue3-koa-admin\koa-admin-server\node_modules\koa-router\lib\router.js:353:32)
    at dispatch (c:\Users\Administrator\Desktop\code\vue3-koa-admin\koa-admin-server\node_modules\koa-compose\index.js:42:32)
    at bodyParser (c:\Users\Administrator\Desktop\code\vue3-koa-admin\koa-admin-server\node_modules\koa-bodyparser\index.js:95:11)
    at async serve (c:\Users\Administrator\Desktop\code\vue3-koa-admin\koa-admin-server\node_modules\koa-static\index.js:53:9)
    at async session (c:\Users\Administrator\Desktop\code\vue3-koa-admin\koa-admin-server\node_modules\koa-session\index.js:41:7)
    at async cors (c:\Users\Administrator\Desktop\code\vue3-koa-admin\koa-admin-server\node_modules\koa2-cors\dist\index.js:91:9)
    at async c:\Users\Administrator\Desktop\code\vue3-koa-admin\koa-admin-server\config\log4js.js:42:9
[2021-04-17T22:08:53.456] [ERROR] error - MongoError: Cannot do exclusion on field id in inclusion projection
    at Connection.<anonymous> (c:\Users\Administrator\Desktop\code\vue3-koa-admin\koa-admin-server\node_modules\mongodb\lib\core\connection\pool.js:451:61)
    at Connection.emit (events.js:315:20)
    at processMessage (c:\Users\Administrator\Desktop\code\vue3-koa-admin\koa-admin-server\node_modules\mongodb\lib\core\connection\connection.js:451:10)
    at Socket.<anonymous> (c:\Users\Administrator\Desktop\code\vue3-koa-admin\koa-admin-server\node_modules\mongodb\lib\core\connection\connection.js:620:15)
    at Socket.emit (events.js:315:20)
    at addChunk (internal/streams/readable.js:309:12)
    at readableAddChunk (internal/streams/readable.js:284:9)
    at Socket.push (internal/streams/readable.js:223:10)
    at TCP.onStreamRead (internal/stream_base_commons.js:188:23)
    at TCP.callbackTrampoline (internal/async_hooks.js:131:14) {
  ok: 0,
  code: 31254,
  codeName: 'Location31254'
}
[2021-04-17T22:13:11.294] [ERROR] error - ReferenceError: userService is not defined
    at update (c:\Users\Administrator\Desktop\code\vue3-koa-admin\koa-admin-server\controller\artical.js:61:10)
    at dispatch (c:\Users\Administrator\Desktop\code\vue3-koa-admin\koa-admin-server\node_modules\koa-compose\index.js:42:32)
    at c:\Users\Administrator\Desktop\code\vue3-koa-admin\koa-admin-server\node_modules\koa-router\lib\router.js:372:16
    at dispatch (c:\Users\Administrator\Desktop\code\vue3-koa-admin\koa-admin-server\node_modules\koa-compose\index.js:42:32)
    at c:\Users\Administrator\Desktop\code\vue3-koa-admin\koa-admin-server\node_modules\koa-compose\index.js:34:12
    at dispatch (c:\Users\Administrator\Desktop\code\vue3-koa-admin\koa-admin-server\node_modules\koa-router\lib\router.js:377:31)
    at dispatch (c:\Users\Administrator\Desktop\code\vue3-koa-admin\koa-admin-server\node_modules\koa-compose\index.js:42:32)
    at dispatch (c:\Users\Administrator\Desktop\code\vue3-koa-admin\koa-admin-server\node_modules\koa-router\lib\router.js:353:32)
    at dispatch (c:\Users\Administrator\Desktop\code\vue3-koa-admin\koa-admin-server\node_modules\koa-compose\index.js:42:32)
    at bodyParser (c:\Users\Administrator\Desktop\code\vue3-koa-admin\koa-admin-server\node_modules\koa-bodyparser\index.js:95:11)
    at processTicksAndRejections (internal/process/task_queues.js:93:5)
    at async serve (c:\Users\Administrator\Desktop\code\vue3-koa-admin\koa-admin-server\node_modules\koa-static\index.js:53:9)
    at async session (c:\Users\Administrator\Desktop\code\vue3-koa-admin\koa-admin-server\node_modules\koa-session\index.js:41:7)
    at async cors (c:\Users\Administrator\Desktop\code\vue3-koa-admin\koa-admin-server\node_modules\koa2-cors\dist\index.js:91:9)
    at async c:\Users\Administrator\Desktop\code\vue3-koa-admin\koa-admin-server\config\log4js.js:42:9
[2021-04-17T22:13:25.602] [ERROR] error - ReferenceError: userService is not defined
    at update (c:\Users\Administrator\Desktop\code\vue3-koa-admin\koa-admin-server\controller\artical.js:61:10)
    at dispatch (c:\Users\Administrator\Desktop\code\vue3-koa-admin\koa-admin-server\node_modules\koa-compose\index.js:42:32)
    at c:\Users\Administrator\Desktop\code\vue3-koa-admin\koa-admin-server\node_modules\koa-router\lib\router.js:372:16
    at dispatch (c:\Users\Administrator\Desktop\code\vue3-koa-admin\koa-admin-server\node_modules\koa-compose\index.js:42:32)
    at c:\Users\Administrator\Desktop\code\vue3-koa-admin\koa-admin-server\node_modules\koa-compose\index.js:34:12
    at dispatch (c:\Users\Administrator\Desktop\code\vue3-koa-admin\koa-admin-server\node_modules\koa-router\lib\router.js:377:31)
    at dispatch (c:\Users\Administrator\Desktop\code\vue3-koa-admin\koa-admin-server\node_modules\koa-compose\index.js:42:32)
    at dispatch (c:\Users\Administrator\Desktop\code\vue3-koa-admin\koa-admin-server\node_modules\koa-router\lib\router.js:353:32)
    at dispatch (c:\Users\Administrator\Desktop\code\vue3-koa-admin\koa-admin-server\node_modules\koa-compose\index.js:42:32)
    at bodyParser (c:\Users\Administrator\Desktop\code\vue3-koa-admin\koa-admin-server\node_modules\koa-bodyparser\index.js:95:11)
    at processTicksAndRejections (internal/process/task_queues.js:93:5)
    at async serve (c:\Users\Administrator\Desktop\code\vue3-koa-admin\koa-admin-server\node_modules\koa-static\index.js:53:9)
    at async session (c:\Users\Administrator\Desktop\code\vue3-koa-admin\koa-admin-server\node_modules\koa-session\index.js:41:7)
    at async cors (c:\Users\Administrator\Desktop\code\vue3-koa-admin\koa-admin-server\node_modules\koa2-cors\dist\index.js:91:9)
    at async c:\Users\Administrator\Desktop\code\vue3-koa-admin\koa-admin-server\config\log4js.js:42:9
[2021-04-17T22:13:52.666] [ERROR] error - TypeError: artical.save is not a function
    at Object.update (c:\Users\Administrator\Desktop\code\vue3-koa-admin\koa-admin-server\services\artical.js:38:19)
    at update (c:\Users\Administrator\Desktop\code\vue3-koa-admin\koa-admin-server\controller\artical.js:61:31)
    at dispatch (c:\Users\Administrator\Desktop\code\vue3-koa-admin\koa-admin-server\node_modules\koa-compose\index.js:42:32)
    at c:\Users\Administrator\Desktop\code\vue3-koa-admin\koa-admin-server\node_modules\koa-router\lib\router.js:372:16
    at dispatch (c:\Users\Administrator\Desktop\code\vue3-koa-admin\koa-admin-server\node_modules\koa-compose\index.js:42:32)
    at c:\Users\Administrator\Desktop\code\vue3-koa-admin\koa-admin-server\node_modules\koa-compose\index.js:34:12
    at dispatch (c:\Users\Administrator\Desktop\code\vue3-koa-admin\koa-admin-server\node_modules\koa-router\lib\router.js:377:31)
    at dispatch (c:\Users\Administrator\Desktop\code\vue3-koa-admin\koa-admin-server\node_modules\koa-compose\index.js:42:32)
    at dispatch (c:\Users\Administrator\Desktop\code\vue3-koa-admin\koa-admin-server\node_modules\koa-router\lib\router.js:353:32)
    at dispatch (c:\Users\Administrator\Desktop\code\vue3-koa-admin\koa-admin-server\node_modules\koa-compose\index.js:42:32)
    at bodyParser (c:\Users\Administrator\Desktop\code\vue3-koa-admin\koa-admin-server\node_modules\koa-bodyparser\index.js:95:11)
    at processTicksAndRejections (internal/process/task_queues.js:93:5)
    at async serve (c:\Users\Administrator\Desktop\code\vue3-koa-admin\koa-admin-server\node_modules\koa-static\index.js:53:9)
    at async session (c:\Users\Administrator\Desktop\code\vue3-koa-admin\koa-admin-server\node_modules\koa-session\index.js:41:7)
    at async cors (c:\Users\Administrator\Desktop\code\vue3-koa-admin\koa-admin-server\node_modules\koa2-cors\dist\index.js:91:9)
    at async c:\Users\Administrator\Desktop\code\vue3-koa-admin\koa-admin-server\config\log4js.js:42:9
[2021-04-17T22:16:34.114] [ERROR] error - CastError: Cast to string failed for value "{ '$set': '111111' }" at path "content"
    at Query.exec (c:\Users\Administrator\Desktop\code\vue3-koa-admin\koa-admin-server\node_modules\mongoose\lib\query.js:4408:21)
    at Query.then (c:\Users\Administrator\Desktop\code\vue3-koa-admin\koa-admin-server\node_modules\mongoose\lib\query.js:4502:15)
    at processTicksAndRejections (internal/process/task_queues.js:93:5) {
  messageFormat: undefined,
  stringValue: `"{ '$set': '111111' }"`,
  kind: 'string',
  value: { '$set': '111111' },
  path: 'content',
  reason: null
}
[2021-04-17T22:22:16.324] [ERROR] error - MongoError: E11000 duplicate key error collection: test.articals index: title_1 dup key: { title: "aaadssdfdfsfaca" }
    at Function.create (c:\Users\Administrator\Desktop\code\vue3-koa-admin\koa-admin-server\node_modules\mongodb\lib\core\error.js:57:12)
    at toError (c:\Users\Administrator\Desktop\code\vue3-koa-admin\koa-admin-server\node_modules\mongodb\lib\utils.js:123:22)
    at c:\Users\Administrator\Desktop\code\vue3-koa-admin\koa-admin-server\node_modules\mongodb\lib\operations\common_functions.js:258:39
    at c:\Users\Administrator\Desktop\code\vue3-koa-admin\koa-admin-server\node_modules\mongodb\lib\core\connection\pool.js:405:18
    at processTicksAndRejections (internal/process/task_queues.js:75:11) {
  driver: true,
  index: 0,
  code: 11000,
  keyPattern: { title: 1 },
  keyValue: { title: 'aaadssdfdfsfaca' }
}
[2021-04-17T22:22:22.548] [ERROR] error - MongoError: E11000 duplicate key error collection: test.articals index: title_1 dup key: { title: "aaadssdfdfsfaca" }
    at Function.create (c:\Users\Administrator\Desktop\code\vue3-koa-admin\koa-admin-server\node_modules\mongodb\lib\core\error.js:57:12)
    at toError (c:\Users\Administrator\Desktop\code\vue3-koa-admin\koa-admin-server\node_modules\mongodb\lib\utils.js:123:22)
    at c:\Users\Administrator\Desktop\code\vue3-koa-admin\koa-admin-server\node_modules\mongodb\lib\operations\common_functions.js:258:39
    at c:\Users\Administrator\Desktop\code\vue3-koa-admin\koa-admin-server\node_modules\mongodb\lib\core\connection\pool.js:405:18
    at processTicksAndRejections (internal/process/task_queues.js:75:11) {
  driver: true,
  index: 0,
  code: 11000,
  keyPattern: { title: 1 },
  keyValue: { title: 'aaadssdfdfsfaca' }
}
